2021-06-07 15:51:57,321 INFO Start read
2021-06-07 15:51:57,321 INFO Ready to read
2021-06-07 15:52:24,911 INFO Packet size: 13872
2021-06-07 15:54:05,963 INFO Start read
2021-06-07 15:54:05,963 INFO Ready to read
2021-06-07 15:54:08,688 INFO Packet size: 13123
2021-06-07 15:59:31,963 INFO Start read
2021-06-07 15:59:31,963 INFO Ready to read
2021-06-07 15:59:43,103 INFO Start read
2021-06-07 15:59:43,103 INFO Ready to read
2021-06-07 15:59:47,758 INFO Packet size: 12336
2021-06-07 16:00:11,035 INFO Start read
2021-06-07 16:00:11,035 INFO Ready to read
2021-06-07 16:00:15,241 INFO Packet size: 23672
2021-06-07 16:00:32,679 INFO Start read
2021-06-07 16:00:32,679 INFO Ready to read
2021-06-07 16:00:43,483 INFO Packet size: 25127
2021-06-07 16:08:08,999 INFO Start read
2021-06-07 16:08:08,999 INFO Ready to read
2021-06-07 16:08:14,918 INFO Packet size: 25127
2021-06-07 16:08:21,781 INFO Start read
2021-06-07 16:08:21,781 INFO Ready to read
2021-06-07 16:08:40,714 INFO Packet size: 25193
2021-06-07 16:09:26,926 INFO Start read
2021-06-07 16:09:26,926 INFO Ready to read
2021-06-07 16:09:29,257 INFO Packet size: 13872
2021-06-07 16:09:50,154 INFO Start read
2021-06-07 16:09:50,154 INFO Ready to read
2021-06-07 16:09:52,396 INFO Packet size: 25136
2021-06-07 16:09:55,788 INFO Start read
2021-06-07 16:09:55,788 INFO Ready to read
2021-06-07 16:10:00,169 INFO Packet size: 25180
2021-06-07 16:10:04,024 INFO Start read
2021-06-07 16:10:04,024 INFO Ready to read
2021-06-07 16:10:06,548 INFO Packet size: 23650
2021-06-07 16:12:19,213 INFO Start read
2021-06-07 16:12:19,214 INFO Ready to read
2021-06-07 16:12:24,635 INFO Packet size: 2617
2021-06-07 16:12:46,382 INFO Start read
2021-06-07 16:12:46,382 INFO Ready to read
2021-06-07 16:13:00,574 INFO Packet size: 2658
2021-06-07 16:13:07,591 INFO Start read
2021-06-07 16:13:07,592 INFO Ready to read
2021-06-07 16:13:20,718 INFO Packet size: 2658
2021-06-07 16:13:24,609 INFO Start read
2021-06-07 16:13:24,609 INFO Ready to read
2021-06-07 16:13:33,656 INFO Packet size: 25127
2021-06-07 16:13:49,289 INFO Start read
2021-06-07 16:13:49,289 INFO Ready to read
2021-06-07 16:13:50,953 INFO Packet size: 13108
2021-06-07 16:14:02,455 INFO Start read
2021-06-07 16:14:02,456 INFO Ready to read
2021-06-07 16:14:16,449 INFO Packet size: 25127
2021-06-07 16:15:03,552 INFO Start read
2021-06-07 16:15:03,552 INFO Ready to read
2021-06-07 16:15:05,571 INFO Packet size: 23672
2021-06-07 16:15:08,764 INFO Start read
2021-06-07 16:15:08,764 INFO Ready to read
2021-06-07 16:15:12,368 INFO Packet size: 25180
2021-06-07 16:15:36,371 INFO Start read
2021-06-07 16:15:36,371 INFO Ready to read
2021-06-07 16:15:44,325 INFO Packet size: 25127
2021-06-07 16:16:11,774 INFO Start read
2021-06-07 16:16:11,774 INFO Ready to read
2021-06-07 16:16:17,870 INFO Packet size: 12152
2021-06-07 16:16:24,459 INFO Start read
2021-06-07 16:16:24,459 INFO Ready to read
2021-06-07 16:16:31,110 INFO Packet size: 12079
2021-06-07 16:16:34,305 INFO Start read
2021-06-07 16:16:34,305 INFO Ready to read
2021-06-07 16:16:39,246 INFO Packet size: 12079
2021-06-07 16:16:50,136 INFO Start read
2021-06-07 16:16:50,137 INFO Ready to read
2021-06-07 16:16:55,588 INFO Packet size: 12152
2021-06-07 16:17:00,396 INFO Start read
2021-06-07 16:17:00,396 INFO Ready to read
2021-06-07 16:17:05,599 INFO Packet size: 12152
2021-06-07 16:17:24,692 INFO Start read
2021-06-07 16:17:24,692 INFO Ready to read
2021-06-07 16:17:29,020 INFO Packet size: 12152
2021-06-07 16:17:35,493 INFO Start read
2021-06-07 16:17:35,493 INFO Ready to read
2021-06-07 16:17:38,485 INFO Packet size: 23672
2021-06-07 16:25:19,669 INFO Start read
2021-06-07 16:25:19,670 INFO Ready to read
2021-06-07 16:25:26,124 INFO Packet size: 12337
2021-06-07 16:39:04,033 INFO Start read
2021-06-07 16:39:04,033 INFO Ready to read
2021-06-07 16:39:07,082 INFO Packet size: 12336
2021-06-07 16:39:17,952 INFO Start read
2021-06-07 16:39:17,952 INFO Ready to read
2021-06-07 16:39:40,774 INFO Packet size: 23672
2021-06-07 16:42:20,956 INFO Start read
2021-06-07 16:42:20,956 INFO Ready to read
2021-06-07 16:42:25,013 INFO Packet size: 23672
2021-06-07 16:42:28,927 INFO Start read
2021-06-07 16:42:28,927 INFO Ready to read
2021-06-07 16:42:43,281 INFO Packet size: 12336
2021-06-07 16:42:58,398 INFO Start read
2021-06-07 16:42:58,398 INFO Ready to read
2021-06-07 16:43:00,316 INFO Packet size: 23672
2021-06-07 16:46:53,468 INFO Start read
2021-06-07 16:46:53,468 INFO Ready to read
2021-06-07 16:46:53,468 INFO https://ec2-3-142-146-64.us-east-2.compute.amazonaws.com
2021-06-07 16:47:21,867 INFO Start read
2021-06-07 16:47:21,867 INFO Ready to read
2021-06-07 16:47:21,867 INFO https://ec2-3-142-146-64.us-east-2.compute.amazonaws.com
2021-06-07 16:47:45,239 INFO Start read
2021-06-07 16:47:45,239 INFO Ready to read
2021-06-07 16:47:45,239 INFO https://ec2-3-142-146-64.us-east-2.compute.amazonaws.com
2021-06-07 16:47:45,239 INFO Bearer eyJ0eXAiOiJKV1QiLCJhbGciOiJIUzI1NiJ9.eyJpc3MiOiJNYW1tYWRiYXlsaSIsImlhdCI6MTYwNDI0NjUxNSwiZXhwIjoxOTUxNTc0NTE1LCJhdWQiOiJhcGkubWFtbWFkYmF5bGkuY29tIiwic3ViIjoiamF2YWRAbWFtbWFkYmF5bGkuY29tIn0.fb1Vy5DzmaExiRoNAEWlB4F46KyLv2oO9acDNpTF7Us
2021-06-07 16:54:11,871 INFO Start read
2021-06-07 16:54:11,872 INFO Ready to read
2021-06-07 16:54:11,872 INFO https://ec2-3-142-146-64.us-east-2.compute.amazonaws.com
2021-06-07 17:48:43,029 INFO Start read
2021-06-07 17:48:43,029 INFO Ready to read
2021-06-07 17:48:43,030 INFO https://ec2-3-142-146-64.us-east-2.compute.amazonaws.com
2021-06-07 17:49:00,668 INFO Packet size: 23672
2021-06-07 17:49:05,665 INFO Start read
2021-06-07 17:49:05,665 INFO Ready to read
2021-06-07 17:49:05,665 INFO https://ec2-3-142-146-64.us-east-2.compute.amazonaws.com
2021-06-07 17:49:14,272 INFO Packet size: 25180
2021-06-07 17:49:48,360 INFO Start read
2021-06-07 17:49:48,360 INFO Ready to read
2021-06-07 17:49:48,360 INFO https://ec2-3-142-146-64.us-east-2.compute.amazonaws.com
2021-06-07 17:49:49,465 INFO Packet size: 25127
2021-06-07 17:52:28,990 INFO Ready to read
2021-06-07 17:52:28,991 INFO https://ec2-3-142-146-64.us-east-2.compute.amazonaws.com
2021-06-07 17:52:28,991 INFO Packet size: 12852
2021-06-07 17:52:28,991 INFO Body: {"username": "sadf", "hostname": "afsf", "password": "Sfdffhgfh\n"}
2021-06-07 17:52:45,942 INFO Ready to read
2021-06-07 17:52:45,942 INFO https://ec2-3-142-146-64.us-east-2.compute.amazonaws.com
2021-06-07 17:52:45,942 INFO Packet size: 12852
2021-06-07 17:52:45,942 INFO Body: {"username": "sadf", "hostname": "afsf", "password": "Sfdffhgfh\n"}
2021-06-07 17:53:07,079 INFO Ready to read
2021-06-07 17:53:07,079 INFO https://ec2-3-142-146-64.us-east-2.compute.amazonaws.com
2021-06-07 17:53:07,079 INFO Packet size: 12852
2021-06-07 17:53:07,079 INFO Body: {"username": "sadf", "hostname": "afsf", "password": "Sfdffhgfh\n"}
2021-06-07 17:53:08,118 INFO Error: Not Found
2021-06-07 17:53:08,119 INFO Ready to read
2021-06-07 17:53:08,119 INFO https://ec2-3-142-146-64.us-east-2.compute.amazonaws.com
2021-06-07 17:53:08,119 INFO <class 'struct.error'>
2021-06-07 17:53:29,189 INFO Packet size: 12852
2021-06-07 17:53:29,189 INFO Body: {"username": "sadf", "hostname": "afsf", "password": "Sfdffhgfh\n"}
2021-06-07 17:53:30,179 INFO Error: Not Found
2021-06-07 17:53:30,179 INFO <class 'struct.error'>
2021-06-07 17:53:54,913 INFO Packet size: 12152
2021-06-07 17:53:54,913 INFO <class 'struct.error'>
2021-06-07 17:54:05,373 INFO Packet size: 12592
2021-06-07 17:54:05,373 INFO Body: {"username": "sadf", "hostname": "afsf", "password": "Sfdffhgfh\n"}
2021-06-07 17:54:06,473 INFO Error: Not Found
2021-06-07 17:54:06,474 INFO <class 'struct.error'>
2021-06-07 17:54:17,505 INFO Packet size: 24949
2021-06-07 17:54:17,506 INFO <class 'struct.error'>
2021-06-07 17:54:28,832 INFO Packet size: 4193
2021-06-07 17:54:28,832 INFO <class 'struct.error'>
2021-06-07 17:54:36,279 INFO Packet size: 25104
2021-06-07 17:54:36,279 INFO Body: {"username": "sadf", "hostname": "afsf", "password": "Sfdffhgfh\n"}
2021-06-07 17:54:37,285 INFO Error: Not Found
2021-06-07 17:54:37,285 INFO <class 'struct.error'>
2021-06-07 17:55:08,549 INFO Packet size: 25104
2021-06-07 17:55:27,866 INFO Packet size: 12338
2021-06-07 17:56:07,921 INFO Packet size: 12336
2021-06-07 17:56:07,921 INFO Body: {"username": "admin@im.mammadbayli.com", "hostname": "afsf", "password": "adminadmin\n"}
2021-06-07 17:56:09,409 INFO Error: Not Found
2021-06-07 17:56:09,409 INFO <class 'struct.error'>
2021-06-07 17:56:23,116 INFO Packet size: 30768
2021-06-07 17:56:23,116 INFO <class 'struct.error'>
2021-06-07 17:56:32,057 INFO Packet size: 25136
2021-06-07 17:56:32,057 INFO <class 'struct.error'>
2021-06-07 17:58:19,407 INFO Packet size: 25136
2021-06-07 17:58:19,407 INFO <class 'struct.error'>
2021-06-07 17:58:25,287 INFO Packet size: 25136
2021-06-07 17:58:25,287 INFO <class 'struct.error'>
2021-06-07 17:58:42,619 INFO Packet size: 12408
2021-06-07 17:58:42,619 INFO <class 'struct.error'>
2021-06-07 17:58:52,927 INFO Packet size: 30768
2021-06-07 17:58:52,927 INFO <class 'struct.error'>
2021-06-07 17:59:04,974 INFO Packet size: 24949
2021-06-07 17:59:04,974 INFO <class 'struct.error'>
2021-06-07 17:59:12,984 INFO Packet size: 12338
2021-06-07 17:59:24,761 INFO Packet size: 12408
2021-06-07 17:59:24,761 INFO <class 'struct.error'>
2021-06-07 17:59:34,570 INFO Packet size: 25136
2021-06-07 17:59:34,570 INFO <class 'struct.error'>
2021-06-07 17:59:46,481 INFO Packet size: 25135
2021-06-07 17:59:46,481 INFO <class 'struct.error'>
2021-06-07 18:00:00,708 INFO Packet size: 12594
2021-06-07 18:00:31,635 INFO Packet size: 12594
2021-06-07 18:00:31,635 INFO https://ec2-3-142-146-64.us-east-2.compute.amazonaws.com/user/ec2-3-129-243-2.us-east-2.compute.amazonaws.com
/admin
2021-06-07 18:01:42,197 INFO Packet size: 12594
2021-06-07 18:01:42,197 INFO https://ec2-3-142-146-64.us-east-2.compute.amazonaws.com/user/ec2-3-129-243-2.us-east-2.compute.amazonaws.com/admin
2021-06-07 18:01:43,069 INFO Error: <!DOCTYPE html>
<html lang="en">
<head>
<meta charset="utf-8">
<title>Error</title>
</head>
<body>
<pre>Cannot GET /user/ec2-3-129-243-2.us-east-2.compute.amazonaws.com/admin</pre>
</body>
</html>

2021-06-07 18:01:43,069 INFO <class 'struct.error'>
2021-06-07 20:26:53,351 INFO Packet size: 12594
2021-06-07 20:26:53,351 INFO https://ec2-3-142-146-64.us-east-2.compute.amazonaws.com/user/ec2-3-129-243-2.us-east-2.compute.amazonaws.com
/admin
2021-06-07 20:28:28,819 INFO Packet size: 12594
2021-06-07 20:28:28,819 INFO https://ec2-3-142-146-64.us-east-2.compute.amazonaws.com/user/ec2-3-129-243-2.us-east-2.compute.amazonaws.com/admin
